elbread.dll ver. 1.0.5.365 Thu May 18 10:43:09 2017


-----------------------------------------------
Entity         | Architecture | Library      
-----------------------------------------------
proc           | arh_proc     | microcontroller
memorie        | mem          | microcontroller
numarator      | count        | microcontroller
decodificator  | dec          | microcontroller
pfc            | program_flow | microcontroller
mux            | mux2_1       | microcontroller
register_file  | reg          | microcontroller
stiva          | stiva_arh    | microcontroller
alu            | alu1         | microcontroller
-----------------------------------------------

-----------------------------
Package             | Library
-----------------------------
standard            | std
std_logic_1164      | ieee
std_logic_arith     | ieee
std_logic_unsigned  | ieee
numeric_std         | ieee
-----------------------------
